生成启动时间为 2018/7/8 21:53:20。
     1>项目“C:\Users\xcg\Desktop\Code_Pra\To_Offer\DJ2\DJ2\DJ2.vcxproj”在节点 2 上(build 个目标)。
     1>PrepareForBuild:
         正在创建目录“C:\Users\xcg\Desktop\Code_Pra\To_Offer\DJ2\Debug\”。
       InitializeBuildStatus:
         正在创建“Debug\DJ2.unsuccessfulbuild”，因为已指定“AlwaysCreate”。
       ClCompile:
         I:\Program Files (x86)\Microsoft Visual Studio 10.0\VC\bin\CL.exe /c /ZI /nologo /W3 /WX- /Od /Oy- /D _MBCS /Gm /EHsc /RTC1 /MDd /GS /fp:precise /Zc:wchar_t /Zc:forScope /Fo"Debug\\" /Fd"Debug\vc100.pdb" /Gd /TP /analyze- /errorReport:prompt main.cpp
         main.cpp
     1>c:\users\xcg\desktop\code_pra\to_offer\dj2\dj2\main.cpp(9): warning C4101: “l3”: 未引用的局部变量
     1>c:\users\xcg\desktop\code_pra\to_offer\dj2\dj2\main.cpp(27): error C2668: “std::to_string”: 对重载函数的调用不明确
                 i:\program files (x86)\microsoft visual studio 10.0\vc\include\string(688): 可能是“std::string std::to_string(long double)”
                 i:\program files (x86)\microsoft visual studio 10.0\vc\include\string(680): 或       “std::string std::to_string(_ULonglong)”
                 i:\program files (x86)\microsoft visual studio 10.0\vc\include\string(672): 或       “std::string std::to_string(_Longlong)”
                 尝试匹配参数列表“(int)”时
     1>c:\users\xcg\desktop\code_pra\to_offer\dj2\dj2\main.cpp(27): error C2668: “std::to_string”: 对重载函数的调用不明确
                 i:\program files (x86)\microsoft visual studio 10.0\vc\include\string(688): 可能是“std::string std::to_string(long double)”
                 i:\program files (x86)\microsoft visual studio 10.0\vc\include\string(680): 或       “std::string std::to_string(_ULonglong)”
                 i:\program files (x86)\microsoft visual studio 10.0\vc\include\string(672): 或       “std::string std::to_string(_Longlong)”
                 尝试匹配参数列表“(int)”时
     1>c:\users\xcg\desktop\code_pra\to_offer\dj2\dj2\main.cpp(44): error C2668: “std::to_string”: 对重载函数的调用不明确
                 i:\program files (x86)\microsoft visual studio 10.0\vc\include\string(688): 可能是“std::string std::to_string(long double)”
                 i:\program files (x86)\microsoft visual studio 10.0\vc\include\string(680): 或       “std::string std::to_string(_ULonglong)”
                 i:\program files (x86)\microsoft visual studio 10.0\vc\include\string(672): 或       “std::string std::to_string(_Longlong)”
                 尝试匹配参数列表“(int)”时
     1>c:\users\xcg\desktop\code_pra\to_offer\dj2\dj2\main.cpp(44): error C2668: “std::to_string”: 对重载函数的调用不明确
                 i:\program files (x86)\microsoft visual studio 10.0\vc\include\string(688): 可能是“std::string std::to_string(long double)”
                 i:\program files (x86)\microsoft visual studio 10.0\vc\include\string(680): 或       “std::string std::to_string(_ULonglong)”
                 i:\program files (x86)\microsoft visual studio 10.0\vc\include\string(672): 或       “std::string std::to_string(_Longlong)”
                 尝试匹配参数列表“(int)”时
     1>c:\users\xcg\desktop\code_pra\to_offer\dj2\dj2\main.cpp(54): error C3861: “sol5”: 找不到标识符
     1>c:\users\xcg\desktop\code_pra\to_offer\dj2\dj2\main.cpp(56): error C2668: “std::to_string”: 对重载函数的调用不明确
                 i:\program files (x86)\microsoft visual studio 10.0\vc\include\string(688): 可能是“std::string std::to_string(long double)”
                 i:\program files (x86)\microsoft visual studio 10.0\vc\include\string(680): 或       “std::string std::to_string(_ULonglong)”
                 i:\program files (x86)\microsoft visual studio 10.0\vc\include\string(672): 或       “std::string std::to_string(_Longlong)”
                 尝试匹配参数列表“(int)”时
     1>c:\users\xcg\desktop\code_pra\to_offer\dj2\dj2\main.cpp(59): error C2084: 函数“std::vector<_Ty> sol4(std::vector<_Ty>)”已有主体
                 with
                 [
                     _Ty=std::string
                 ]
                 c:\users\xcg\desktop\code_pra\to_offer\dj2\dj2\main.cpp(32) : 参见“sol4”的前一个定义
     1>c:\users\xcg\desktop\code_pra\to_offer\dj2\dj2\main.cpp(71): error C2668: “std::to_string”: 对重载函数的调用不明确
                 i:\program files (x86)\microsoft visual studio 10.0\vc\include\string(688): 可能是“std::string std::to_string(long double)”
                 i:\program files (x86)\microsoft visual studio 10.0\vc\include\string(680): 或       “std::string std::to_string(_ULonglong)”
                 i:\program files (x86)\microsoft visual studio 10.0\vc\include\string(672): 或       “std::string std::to_string(_Longlong)”
                 尝试匹配参数列表“(int)”时
     1>c:\users\xcg\desktop\code_pra\to_offer\dj2\dj2\main.cpp(71): error C2668: “std::to_string”: 对重载函数的调用不明确
                 i:\program files (x86)\microsoft visual studio 10.0\vc\include\string(688): 可能是“std::string std::to_string(long double)”
                 i:\program files (x86)\microsoft visual studio 10.0\vc\include\string(680): 或       “std::string std::to_string(_ULonglong)”
                 i:\program files (x86)\microsoft visual studio 10.0\vc\include\string(672): 或       “std::string std::to_string(_Longlong)”
                 尝试匹配参数列表“(int)”时
     1>c:\users\xcg\desktop\code_pra\to_offer\dj2\dj2\main.cpp(91): warning C4172: 返回局部变量或临时变量的地址
     1>已完成生成项目“C:\Users\xcg\Desktop\Code_Pra\To_Offer\DJ2\DJ2\DJ2.vcxproj”(build 个目标)的操作 - 失败。

生成失败。

已用时间 00:00:00.77
