生成启动时间为 2018/7/15 23:59:51。
     1>项目“C:\Users\xcg\Desktop\Code_Pra\Exam\Shenxinfu\Shenxinfu\Shenxinfu.vcxproj”在节点 2 上(build 个目标)。
     1>InitializeBuildStatus:
         正在创建“Debug\Shenxinfu.unsuccessfulbuild”，因为已指定“AlwaysCreate”。
       ClCompile:
         I:\Program Files (x86)\Microsoft Visual Studio 10.0\VC\bin\CL.exe /c /ZI /nologo /W3 /WX- /Od /Oy- /D _MBCS /Gm /EHsc /RTC1 /MDd /GS /fp:precise /Zc:wchar_t /Zc:forScope /Fo"Debug\\" /Fd"Debug\vc100.pdb" /Gd /TP /analyze- /errorReport:prompt title2.cpp
         title2.cpp
     1>c:\users\xcg\desktop\code_pra\exam\shenxinfu\shenxinfu\title2.cpp(30): warning C4018: “>=”: 有符号/无符号不匹配
     1>c:\users\xcg\desktop\code_pra\exam\shenxinfu\shenxinfu\title2.cpp(32): warning C4018: “<”: 有符号/无符号不匹配
     1>c:\users\xcg\desktop\code_pra\exam\shenxinfu\shenxinfu\title2.cpp(33): warning C4018: “<”: 有符号/无符号不匹配
     1>c:\users\xcg\desktop\code_pra\exam\shenxinfu\shenxinfu\title2.cpp(53): warning C4101: “k”: 未引用的局部变量
       Link:
         I:\Program Files (x86)\Microsoft Visual Studio 10.0\VC\bin\link.exe /ERRORREPORT:PROMPT /OUT:"C:\Users\xcg\Desktop\Code_Pra\Exam\Shenxinfu\Debug\Shenxinfu.exe" /NOLOGO kernel32.lib user32.lib gdi32.lib winspool.lib comdlg32.lib advapi32.lib shell32.lib ole32.lib oleaut32.lib uuid.lib odbc32.lib odbccp32.lib /MANIFEST /ManifestFile:"Debug\Shenxinfu.exe.intermediate.manifest" /MANIFESTUAC:"level='asInvoker' uiAccess='false'" /DEBUG /PDB:"C:\Users\xcg\Desktop\Code_Pra\Exam\Shenxinfu\Debug\Shenxinfu.pdb" /TLBID:1 /DYNAMICBASE /NXCOMPAT /IMPLIB:"C:\Users\xcg\Desktop\Code_Pra\Exam\Shenxinfu\Debug\Shenxinfu.lib" /MACHINE:X86 Debug\title2.obj
         LINK : 没有找到 C:\Users\xcg\Desktop\Code_Pra\Exam\Shenxinfu\Debug\Shenxinfu.exe 或上一个增量链接没有生成它；正在执行完全链接
         Shenxinfu.vcxproj -> C:\Users\xcg\Desktop\Code_Pra\Exam\Shenxinfu\Debug\Shenxinfu.exe
       Manifest:
         C:\Program Files (x86)\Microsoft SDKs\Windows\v7.0A\bin\mt.exe /nologo /verbose /outputresource:"C:\Users\xcg\Desktop\Code_Pra\Exam\Shenxinfu\Debug\Shenxinfu.exe;#1" /manifest Debug\Shenxinfu.exe.intermediate.manifest
       FinalizeBuildStatus:
         正在删除文件“Debug\Shenxinfu.unsuccessfulbuild”。
         正在对“Debug\Shenxinfu.lastbuildstate”执行 Touch 任务。
     1>已完成生成项目“C:\Users\xcg\Desktop\Code_Pra\Exam\Shenxinfu\Shenxinfu\Shenxinfu.vcxproj”(build 个目标)的操作。

生成成功。

已用时间 00:00:00.81
